Compiling the C compiler identification source file "CMakeCCompilerId.c" failed.
Compiler: C:/MinGW/bin/gcc.exe 
Build flags: 
Id flags: 

The output was:
1


Compiling the C compiler identification source file "CMakeCCompilerId.c" failed.
Compiler: C:/MinGW/bin/gcc.exe 
Build flags: 
Id flags: -c

The output was:
1


Compiling the C compiler identification source file "CMakeCCompilerId.c" failed.
Compiler: C:/MinGW/bin/gcc.exe 
Build flags: 
Id flags: -Aa

The output was:
1


Checking whether the C compiler is IAR using "" did not match "IAR .+ Compiler":
gcc.exe: fatal error: no input files
compilation terminated.
Compiling the CXX compiler identification source file "CMakeCXXCompilerId.cpp" failed.
Compiler: C:/MinGW/bin/g++.exe 
Build flags: 
Id flags: 

The output was:
1


Compiling the CXX compiler identification source file "CMakeCXXCompilerId.cpp" failed.
Compiler: C:/MinGW/bin/g++.exe 
Build flags: 
Id flags: -c

The output was:
1


Checking whether the CXX compiler is IAR using "" did not match "IAR .+ Compiler":
g++.exe: fatal error: no input files
compilation terminated.
